[2026-04-29 10:54:05] [System] [SERVER ONLINE]
[2026-04-29 10:54:23] [System] [User 'Nayla' connected]
[2026-04-29 10:54:36] [System] [User 'Lala' connected]
[2026-04-29 10:54:38] [User] [[Lala]: hai]
[2026-04-29 10:54:43] [User] [[Nayla]: haahiiii]
[2026-04-29 10:55:06] [System] [User 'The Knights' connected]
[2026-04-29 10:55:12] [Admin] [RPC_GET_USERS]
[2026-04-29 10:55:16] [Admin] [RPC_GET_USERS]
[2026-04-29 10:55:37] [Admin] [RPC_SHUTDOWN]
[2026-04-29 10:55:37] [System] [EMERGENCY SHUTDOWN INITIATED]
[2026-04-29 10:55:37] [System] [User 'Nayla' disconnected]
[2026-04-29 10:55:37] [System] [User 'Lala' disconnected]
[2026-04-29 10:58:48] [System] [SERVER ONLINE]
[2026-04-29 10:59:05] [System] [User 'Nayla' connected]
[2026-04-29 10:59:17] [System] [User 'LAlala' connected]
[2026-04-29 10:59:18] [User] [[LAlala]: hai]
[2026-04-29 10:59:24] [User] [[Nayla]: snddd]
[2026-04-29 10:59:26] [User] [[LAlala]: ndndnd]
[2026-04-29 10:59:49] [System] [User 'The Knights' connected]
[2026-04-29 10:59:51] [Admin] [RPC_GET_USERS]
[2026-04-29 10:59:53] [Admin] [RPC_GET_UPTIME]
[2026-04-29 11:00:05] [Admin] [RPC_SHUTDOWN]
[2026-04-29 11:00:05] [System] [EMERGENCY SHUTDOWN INITIATED]
[2026-04-29 11:00:05] [System] [User 'Nayla' disconnected]
[2026-04-29 11:00:05] [System] [User 'LAlala' disconnected]
[2026-04-29 11:09:22] [System] [SERVER ONLINE]
[2026-04-29 11:09:40] [System] [Nayla]
[2026-04-29 11:10:06] [System] [Lalaa]
[2026-04-29 11:10:08] [Lalaa] [hai]
[2026-04-29 11:10:11] [Nayla] [hai]
[2026-04-29 11:10:14] [Lalaa] [hahhaa]
[2026-04-29 11:10:40] [System] [The Knights]
[2026-04-29 11:10:52] [Admin] [LOG_ENTITIES]
[2026-04-29 11:10:54] [Admin] [LOG_UPTIME]
[2026-04-29 11:10:57] [System] [Emergency Shutdown by Admin]
[2026-04-29 11:10:57] [System] [User Disconnected]
[2026-04-29 11:10:57] [System] [User Disconnected]
[2026-04-29 11:26:52] [System] [SERVER ONLINE]
[2026-04-29 11:27:03] [System] [User 'Nayla' connected]
[2026-04-29 11:28:58] [System] [User 'Nayla' disconnected]
[2026-04-29 11:29:55] [System] [SERVER ONLINE]
[2026-04-29 11:30:05] [System] [User 'Nayla' connected]
[2026-04-29 11:30:15] [System] [User 'Lalaa' connected]
[2026-04-29 11:30:17] [User] [[Lalaa]: HAHAAHA]
[2026-04-29 11:30:22] [User] [[Nayla]: ya]
[2026-04-29 11:30:39] [System] [User 'The Knights' connected]
[2026-04-29 11:30:47] [Admin] [RPC_GET_USERS]
[2026-04-29 11:31:21] [System] [User 'wahyu' connected]
[2026-04-29 11:31:23] [User] [[wahyu]: hai]
[2026-04-29 11:31:34] [User] [[Lalaa]: hai]
[2026-04-29 11:31:37] [Admin] [RPC_GET_USERS]
[2026-04-29 11:31:41] [Admin] [RPC_GET_UPTIME]
[2026-04-29 11:31:47] [Admin] [RPC_SHUTDOWN]
[2026-04-29 11:31:47] [System] [EMERGENCY SHUTDOWN INITIATED]
[2026-04-29 11:31:47] [System] [User 'Nayla' disconnected]
[2026-04-29 11:31:47] [System] [User 'Lalaa' disconnected]
[2026-04-29 11:31:47] [System] [User 'The Knights' disconnected]
[2026-04-29 11:31:47] [System] [User 'wahyu' disconnected]
[2026-04-29 11:31:47] [System] [User 'wahyu' disconnected]
[2026-04-29 11:31:47] [System] [User 'Lalaa' disconnected]
[2026-04-29 11:31:47] [System] [User 'Nayla' disconnected]
[2026-04-29 11:34:03] [System] [SERVER ONLINE]
[2026-04-29 11:34:11] [System] [User 'Nayla' connected]
[2026-04-29 11:34:25] [System] [User 'Hania' connected]
[2026-04-29 11:35:39] [User] [[Hania]: 3]
[2026-04-29 11:35:46] [User] [[Hania]: /exits]
[2026-04-29 11:35:49] [System] [User 'Hania' disconnected]
[2026-04-29 11:36:32] [System] [SERVER ONLINE]
[2026-04-29 11:36:41] [System] [User 'Nayla' connected]
[2026-04-29 11:37:01] [System] [User 'gia' connected]
[2026-04-29 11:37:05] [User] [[gia]: hai]
[2026-04-29 11:37:08] [User] [[Nayla]: hai]
[2026-04-29 11:37:24] [System] [User 'wahyu' connected]
[2026-04-29 11:37:25] [User] [[wahyu]: hai]
[2026-04-29 11:37:30] [User] [[Nayla]: iya]
[2026-04-29 11:37:50] [System] [User 'The Knights' connected]
[2026-04-29 11:37:52] [Admin] [RPC_GET_USERS]
[2026-04-29 11:37:56] [Admin] [RPC_GET_UPTIME]
[2026-04-29 11:38:03] [Admin] [RPC_SHUTDOWN]
[2026-04-29 11:38:03] [System] [EMERGENCY SHUTDOWN INITIATED]
[2026-04-29 11:38:03] [System] [User 'Nayla' disconnected]
[2026-04-29 11:38:03] [System] [User 'gia' disconnected]
[2026-04-29 11:38:03] [System] [User 'wahyu' disconnected]
[2026-04-29 11:38:03] [System] [User 'The Knights' disconnected]
[2026-04-29 11:38:03] [System] [User 'gia' disconnected]
[2026-04-29 11:38:03] [System] [User 'Nayla' disconnected]
[2026-04-29 11:38:03] [System] [User 'wahyu' disconnected]
[2026-04-29 11:39:50] [System] [SERVER ONLINE]
[2026-04-29 11:39:59] [System] [User 'h' connected]
[2026-04-29 11:40:07] [System] [User 'i' connected]
[2026-04-29 11:40:20] [System] [User 'x' connected]
[2026-04-29 11:40:22] [User] [[x]: y]
[2026-04-29 11:40:26] [User] [[h]: y]
[2026-04-29 11:40:44] [System] [User 'The Knights' connected]
[2026-04-29 11:40:45] [Admin] [RPC_GET_USERS]
[2026-04-29 11:40:47] [Admin] [RPC_GET_UPTIME]
[2026-04-29 11:40:50] [Admin] [RPC_SHUTDOWN]
[2026-04-29 11:40:50] [System] [EMERGENCY SHUTDOWN INITIATED]
[2026-04-29 11:40:50] [System] [User 'h' disconnected]
[2026-04-29 11:40:50] [System] [User 'i' disconnected]
[2026-04-29 11:40:50] [System] [User 'x' disconnected]
[2026-04-29 11:40:50] [System] [User 'The Knights' disconnected]
